running egg_info
writing build/ouster_pcap_to_pointcloud2_publisher/ouster_pcap_to_pointcloud2_publisher.egg-info/PKG-INFO
writing dependency_links to build/ouster_pcap_to_pointcloud2_publisher/ouster_pcap_to_pointcloud2_publisher.egg-info/dependency_links.txt
writing entry points to build/ouster_pcap_to_pointcloud2_publisher/ouster_pcap_to_pointcloud2_publisher.egg-info/entry_points.txt
writing requirements to build/ouster_pcap_to_pointcloud2_publisher/ouster_pcap_to_pointcloud2_publisher.egg-info/requires.txt
writing top-level names to build/ouster_pcap_to_pointcloud2_publisher/ouster_pcap_to_pointcloud2_publisher.egg-info/top_level.txt
reading manifest file 'build/ouster_pcap_to_pointcloud2_publisher/ouster_pcap_to_pointcloud2_publisher.egg-info/SOURCES.txt'
adding license file 'LICENSE'
writing manifest file 'build/ouster_pcap_to_pointcloud2_publisher/ouster_pcap_to_pointcloud2_publisher.egg-info/SOURCES.txt'
running build
running build_py
running install
running install_lib
running install_data
copying launch/pcap_to_ros_launch.xml -> /home/rohamzn/ouster_pcap_to_pointcloud2_publisher/install/ouster_pcap_to_pointcloud2_publisher/share/ouster_pcap_to_pointcloud2_publisher/launch
running install_egg_info
removing '/home/rohamzn/ouster_pcap_to_pointcloud2_publisher/install/ouster_pcap_to_pointcloud2_publisher/lib/python3.10/site-packages/ouster_pcap_to_pointcloud2_publisher-0.0.0-py3.10.egg-info' (and everything under it)
Copying build/ouster_pcap_to_pointcloud2_publisher/ouster_pcap_to_pointcloud2_publisher.egg-info to /home/rohamzn/ouster_pcap_to_pointcloud2_publisher/install/ouster_pcap_to_pointcloud2_publisher/lib/python3.10/site-packages/ouster_pcap_to_pointcloud2_publisher-0.0.0-py3.10.egg-info
running install_scripts
Installing pcap_to_ros_publisher script to /home/rohamzn/ouster_pcap_to_pointcloud2_publisher/install/ouster_pcap_to_pointcloud2_publisher/lib/ouster_pcap_to_pointcloud2_publisher
writing list of installed files to '/home/rohamzn/ouster_pcap_to_pointcloud2_publisher/build/ouster_pcap_to_pointcloud2_publisher/install.log'
