running egg_info
writing build/ouster_pcap_to_pointcloud2_publisher/ouster_pcap_to_pointcloud2_publisher.egg-info/PKG-INFO
writing dependency_links to build/ouster_pcap_to_pointcloud2_publisher/ouster_pcap_to_pointcloud2_publisher.egg-info/dependency_links.txt
writing entry points to build/ouster_pcap_to_pointcloud2_publisher/ouster_pcap_to_pointcloud2_publisher.egg-info/entry_points.txt
writing requirements to build/ouster_pcap_to_pointcloud2_publisher/ouster_pcap_to_pointcloud2_publisher.egg-info/requires.txt
writing top-level names to build/ouster_pcap_to_pointcloud2_publisher/ouster_pcap_to_pointcloud2_publisher.egg-info/top_level.txt
reading manifest file 'build/ouster_pcap_to_pointcloud2_publisher/ouster_pcap_to_pointcloud2_publisher.egg-info/SOURCES.txt'
adding license file 'LICENSE'
writing manifest file 'build/ouster_pcap_to_pointcloud2_publisher/ouster_pcap_to_pointcloud2_publisher.egg-info/SOURCES.txt'
running build
running build_py
copying ouster_pcap_to_pointcloud2_publisher/pcap_to_ros_publisher.py -> /home/rohamzn/ouster_pcap_to_pointcloud2_publisher/build/ouster_pcap_to_pointcloud2_publisher/build/lib/ouster_pcap_to_pointcloud2_publisher
running install
running install_lib
/usr/lib/python3/dist-packages/setuptools/command/install.py:34: SetuptoolsDeprecationWarning: setup.py install is deprecated. Use build and pip and other standards-based tools.
  warnings.warn(
copying /home/rohamzn/ouster_pcap_to_pointcloud2_publisher/build/ouster_pcap_to_pointcloud2_publisher/build/lib/ouster_pcap_to_pointcloud2_publisher/pcap_to_ros_publisher.py -> /home/rohamzn/ouster_pcap_to_pointcloud2_publisher/install/ouster_pcap_to_pointcloud2_publisher/lib/python3.10/site-packages/ouster_pcap_to_pointcloud2_publisher
byte-compiling /home/rohamzn/ouster_pcap_to_pointcloud2_publisher/install/ouster_pcap_to_pointcloud2_publisher/lib/python3.10/site-packages/ouster_pcap_to_pointcloud2_publisher/pcap_to_ros_publisher.py to pcap_to_ros_publisher.cpython-310.pyc
running install_data
running install_egg_info
removing '/home/rohamzn/ouster_pcap_to_pointcloud2_publisher/install/ouster_pcap_to_pointcloud2_publisher/lib/python3.10/site-packages/ouster_pcap_to_pointcloud2_publisher-0.0.0-py3.10.egg-info' (and everything under it)
Copying build/ouster_pcap_to_pointcloud2_publisher/ouster_pcap_to_pointcloud2_publisher.egg-info to /home/rohamzn/ouster_pcap_to_pointcloud2_publisher/install/ouster_pcap_to_pointcloud2_publisher/lib/python3.10/site-packages/ouster_pcap_to_pointcloud2_publisher-0.0.0-py3.10.egg-info
running install_scripts
Installing pcap_to_ros_publisher script to /home/rohamzn/ouster_pcap_to_pointcloud2_publisher/install/ouster_pcap_to_pointcloud2_publisher/lib/ouster_pcap_to_pointcloud2_publisher
writing list of installed files to '/home/rohamzn/ouster_pcap_to_pointcloud2_publisher/build/ouster_pcap_to_pointcloud2_publisher/install.log'
