[0.515s] Invoking command in '/home/rohamzn/ouster_pcap_to_pointcloud2_publisher': CONDA_PROMPT_MODIFIER=(base) PYTHONPATH=/home/rohamzn/ouster_pcap_to_pointcloud2_publisher/build/ouster_pcap_to_pointcloud2_publisher/prefix_override:/home/rohamzn/ouster_pcap_to_pointcloud2_publisher/install/ouster_pcap_to_pointcloud2_publisher/lib/python3.10/site-packages:${PYTHONPATH} /usr/bin/python3 setup.py egg_info --egg-base build/ouster_pcap_to_pointcloud2_publisher build --build-base /home/rohamzn/ouster_pcap_to_pointcloud2_publisher/build/ouster_pcap_to_pointcloud2_publisher/build install --record /home/rohamzn/ouster_pcap_to_pointcloud2_publisher/build/ouster_pcap_to_pointcloud2_publisher/install.log --single-version-externally-managed
[0.649s] running egg_info
[0.650s] writing build/ouster_pcap_to_pointcloud2_publisher/ouster_pcap_to_pointcloud2_publisher.egg-info/PKG-INFO
[0.650s] writing dependency_links to build/ouster_pcap_to_pointcloud2_publisher/ouster_pcap_to_pointcloud2_publisher.egg-info/dependency_links.txt
[0.650s] writing entry points to build/ouster_pcap_to_pointcloud2_publisher/ouster_pcap_to_pointcloud2_publisher.egg-info/entry_points.txt
[0.650s] writing requirements to build/ouster_pcap_to_pointcloud2_publisher/ouster_pcap_to_pointcloud2_publisher.egg-info/requires.txt
[0.650s] writing top-level names to build/ouster_pcap_to_pointcloud2_publisher/ouster_pcap_to_pointcloud2_publisher.egg-info/top_level.txt
[0.652s] reading manifest file 'build/ouster_pcap_to_pointcloud2_publisher/ouster_pcap_to_pointcloud2_publisher.egg-info/SOURCES.txt'
[0.652s] adding license file 'LICENSE'
[0.653s] writing manifest file 'build/ouster_pcap_to_pointcloud2_publisher/ouster_pcap_to_pointcloud2_publisher.egg-info/SOURCES.txt'
[0.653s] running build
[0.653s] running build_py
[0.653s] copying ouster_pcap_to_pointcloud2_publisher/pcap_to_ros_publisher.py -> /home/rohamzn/ouster_pcap_to_pointcloud2_publisher/build/ouster_pcap_to_pointcloud2_publisher/build/lib/ouster_pcap_to_pointcloud2_publisher
[0.653s] running install
[0.653s] /usr/lib/python3/dist-packages/setuptools/command/install.py:34: SetuptoolsDeprecationWarning: setup.py install is deprecated. Use build and pip and other standards-based tools.
[0.653s]   warnings.warn(
[0.653s] running install_lib
[0.654s] copying /home/rohamzn/ouster_pcap_to_pointcloud2_publisher/build/ouster_pcap_to_pointcloud2_publisher/build/lib/ouster_pcap_to_pointcloud2_publisher/pcap_to_ros_publisher.py -> /home/rohamzn/ouster_pcap_to_pointcloud2_publisher/install/ouster_pcap_to_pointcloud2_publisher/lib/python3.10/site-packages/ouster_pcap_to_pointcloud2_publisher
[0.655s] byte-compiling /home/rohamzn/ouster_pcap_to_pointcloud2_publisher/install/ouster_pcap_to_pointcloud2_publisher/lib/python3.10/site-packages/ouster_pcap_to_pointcloud2_publisher/pcap_to_ros_publisher.py to pcap_to_ros_publisher.cpython-310.pyc
[0.656s] running install_data
[0.656s] copying launch/pcap_to_ros_launch.xml -> /home/rohamzn/ouster_pcap_to_pointcloud2_publisher/install/ouster_pcap_to_pointcloud2_publisher/share/ouster_pcap_to_pointcloud2_publisher/launch
[0.656s] running install_egg_info
[0.657s] removing '/home/rohamzn/ouster_pcap_to_pointcloud2_publisher/install/ouster_pcap_to_pointcloud2_publisher/lib/python3.10/site-packages/ouster_pcap_to_pointcloud2_publisher-0.0.0-py3.10.egg-info' (and everything under it)
[0.658s] Copying build/ouster_pcap_to_pointcloud2_publisher/ouster_pcap_to_pointcloud2_publisher.egg-info to /home/rohamzn/ouster_pcap_to_pointcloud2_publisher/install/ouster_pcap_to_pointcloud2_publisher/lib/python3.10/site-packages/ouster_pcap_to_pointcloud2_publisher-0.0.0-py3.10.egg-info
[0.658s] running install_scripts
[0.669s] Installing pcap_to_ros_publisher script to /home/rohamzn/ouster_pcap_to_pointcloud2_publisher/install/ouster_pcap_to_pointcloud2_publisher/lib/ouster_pcap_to_pointcloud2_publisher
[0.669s] writing list of installed files to '/home/rohamzn/ouster_pcap_to_pointcloud2_publisher/build/ouster_pcap_to_pointcloud2_publisher/install.log'
[0.681s] Invoked command in '/home/rohamzn/ouster_pcap_to_pointcloud2_publisher' returned '0': CONDA_PROMPT_MODIFIER=(base) PYTHONPATH=/home/rohamzn/ouster_pcap_to_pointcloud2_publisher/build/ouster_pcap_to_pointcloud2_publisher/prefix_override:/home/rohamzn/ouster_pcap_to_pointcloud2_publisher/install/ouster_pcap_to_pointcloud2_publisher/lib/python3.10/site-packages:${PYTHONPATH} /usr/bin/python3 setup.py egg_info --egg-base build/ouster_pcap_to_pointcloud2_publisher build --build-base /home/rohamzn/ouster_pcap_to_pointcloud2_publisher/build/ouster_pcap_to_pointcloud2_publisher/build install --record /home/rohamzn/ouster_pcap_to_pointcloud2_publisher/build/ouster_pcap_to_pointcloud2_publisher/install.log --single-version-externally-managed
