running egg_info
creating build/ouster_pcap_to_pointcloud2_publisher/ouster_pcap_to_pointcloud2_publisher.egg-info
writing build/ouster_pcap_to_pointcloud2_publisher/ouster_pcap_to_pointcloud2_publisher.egg-info/PKG-INFO
writing dependency_links to build/ouster_pcap_to_pointcloud2_publisher/ouster_pcap_to_pointcloud2_publisher.egg-info/dependency_links.txt
writing entry points to build/ouster_pcap_to_pointcloud2_publisher/ouster_pcap_to_pointcloud2_publisher.egg-info/entry_points.txt
writing requirements to build/ouster_pcap_to_pointcloud2_publisher/ouster_pcap_to_pointcloud2_publisher.egg-info/requires.txt
writing top-level names to build/ouster_pcap_to_pointcloud2_publisher/ouster_pcap_to_pointcloud2_publisher.egg-info/top_level.txt
writing manifest file 'build/ouster_pcap_to_pointcloud2_publisher/ouster_pcap_to_pointcloud2_publisher.egg-info/SOURCES.txt'
reading manifest file 'build/ouster_pcap_to_pointcloud2_publisher/ouster_pcap_to_pointcloud2_publisher.egg-info/SOURCES.txt'
adding license file 'LICENSE'
writing manifest file 'build/ouster_pcap_to_pointcloud2_publisher/ouster_pcap_to_pointcloud2_publisher.egg-info/SOURCES.txt'
running build
running build_py
creating /home/rohamzn/ouster_pcap_to_pointcloud2_publisher/build/ouster_pcap_to_pointcloud2_publisher/build
creating /home/rohamzn/ouster_pcap_to_pointcloud2_publisher/build/ouster_pcap_to_pointcloud2_publisher/build/lib
creating /home/rohamzn/ouster_pcap_to_pointcloud2_publisher/build/ouster_pcap_to_pointcloud2_publisher/build/lib/ouster_pcap_to_pointcloud2_publisher
copying ouster_pcap_to_pointcloud2_publisher/pcap_to_ros_publisher.py -> /home/rohamzn/ouster_pcap_to_pointcloud2_publisher/build/ouster_pcap_to_pointcloud2_publisher/build/lib/ouster_pcap_to_pointcloud2_publisher
copying ouster_pcap_to_pointcloud2_publisher/__init__.py -> /home/rohamzn/ouster_pcap_to_pointcloud2_publisher/build/ouster_pcap_to_pointcloud2_publisher/build/lib/ouster_pcap_to_pointcloud2_publisher
running install
/usr/lib/python3/dist-packages/setuptools/command/install.py:34: SetuptoolsDeprecationWarning: setup.py install is deprecated. Use build and pip and other standards-based tools.
  warnings.warn(
running install_lib
creating /home/rohamzn/ouster_pcap_to_pointcloud2_publisher/install/ouster_pcap_to_pointcloud2_publisher/lib/python3.10/site-packages/ouster_pcap_to_pointcloud2_publisher
copying /home/rohamzn/ouster_pcap_to_pointcloud2_publisher/build/ouster_pcap_to_pointcloud2_publisher/build/lib/ouster_pcap_to_pointcloud2_publisher/pcap_to_ros_publisher.py -> /home/rohamzn/ouster_pcap_to_pointcloud2_publisher/install/ouster_pcap_to_pointcloud2_publisher/lib/python3.10/site-packages/ouster_pcap_to_pointcloud2_publisher
copying /home/rohamzn/ouster_pcap_to_pointcloud2_publisher/build/ouster_pcap_to_pointcloud2_publisher/build/lib/ouster_pcap_to_pointcloud2_publisher/__init__.py -> /home/rohamzn/ouster_pcap_to_pointcloud2_publisher/install/ouster_pcap_to_pointcloud2_publisher/lib/python3.10/site-packages/ouster_pcap_to_pointcloud2_publisher
byte-compiling /home/rohamzn/ouster_pcap_to_pointcloud2_publisher/install/ouster_pcap_to_pointcloud2_publisher/lib/python3.10/site-packages/ouster_pcap_to_pointcloud2_publisher/pcap_to_ros_publisher.py to pcap_to_ros_publisher.cpython-310.pyc
byte-compiling /home/rohamzn/ouster_pcap_to_pointcloud2_publisher/install/ouster_pcap_to_pointcloud2_publisher/lib/python3.10/site-packages/ouster_pcap_to_pointcloud2_publisher/__init__.py to __init__.cpython-310.pyc
running install_data
creating /home/rohamzn/ouster_pcap_to_pointcloud2_publisher/install/ouster_pcap_to_pointcloud2_publisher/share/ament_index
creating /home/rohamzn/ouster_pcap_to_pointcloud2_publisher/install/ouster_pcap_to_pointcloud2_publisher/share/ament_index/resource_index
creating /home/rohamzn/ouster_pcap_to_pointcloud2_publisher/install/ouster_pcap_to_pointcloud2_publisher/share/ament_index/resource_index/packages
copying resource/ouster_pcap_to_pointcloud2_publisher -> /home/rohamzn/ouster_pcap_to_pointcloud2_publisher/install/ouster_pcap_to_pointcloud2_publisher/share/ament_index/resource_index/packages
copying package.xml -> /home/rohamzn/ouster_pcap_to_pointcloud2_publisher/install/ouster_pcap_to_pointcloud2_publisher/share/ouster_pcap_to_pointcloud2_publisher
creating /home/rohamzn/ouster_pcap_to_pointcloud2_publisher/install/ouster_pcap_to_pointcloud2_publisher/share/ouster_pcap_to_pointcloud2_publisher/launch
copying launch/pcap_to_ros_launch.xml -> /home/rohamzn/ouster_pcap_to_pointcloud2_publisher/install/ouster_pcap_to_pointcloud2_publisher/share/ouster_pcap_to_pointcloud2_publisher/launch
running install_egg_info
Copying build/ouster_pcap_to_pointcloud2_publisher/ouster_pcap_to_pointcloud2_publisher.egg-info to /home/rohamzn/ouster_pcap_to_pointcloud2_publisher/install/ouster_pcap_to_pointcloud2_publisher/lib/python3.10/site-packages/ouster_pcap_to_pointcloud2_publisher-0.0.0-py3.10.egg-info
running install_scripts
Installing pcap_to_ros_publisher script to /home/rohamzn/ouster_pcap_to_pointcloud2_publisher/install/ouster_pcap_to_pointcloud2_publisher/lib/ouster_pcap_to_pointcloud2_publisher
writing list of installed files to '/home/rohamzn/ouster_pcap_to_pointcloud2_publisher/build/ouster_pcap_to_pointcloud2_publisher/install.log'
