[0.773s] DEBUG:colcon:Command line arguments: ['/usr/bin/colcon', 'build']
[0.773s] DEBUG:colcon:Parsed command line arguments: Namespace(log_base=None, log_level=None, verb_name='build', build_base='build', install_base='install', merge_install=False, symlink_install=False, test_result_base=None, continue_on_error=False, executor='parallel', parallel_workers=20, event_handlers=None, ignore_user_meta=False, metas=['./colcon.meta'], base_paths=['.'], packages_ignore=None, packages_ignore_regex=None, paths=None, packages_up_to=None, packages_up_to_regex=None, packages_above=None, packages_above_and_dependencies=None, packages_above_depth=None, packages_select_by_dep=None, packages_skip_by_dep=None, packages_skip_up_to=None, packages_select_build_failed=False, packages_skip_build_finished=False, packages_select_test_failures=False, packages_skip_test_passed=False, packages_select=None, packages_skip=None, packages_select_regex=None, packages_skip_regex=None, packages_start=None, packages_end=None, allow_overriding=[], cmake_args=None, cmake_target=None, cmake_target_skip_unavailable=False, cmake_clean_cache=False, cmake_clean_first=False, cmake_force_configure=False, ament_cmake_args=None, catkin_cmake_args=None, catkin_skip_building_tests=False, mixin_files=None, mixin=None, verb_parser=<colcon_mixin.mixin.mixin_argument.MixinArgumentDecorator object at 0x7f2229b116f0>, verb_extension=<colcon_core.verb.build.BuildVerb object at 0x7f2229b11150>, main=<bound method BuildVerb.main of <colcon_core.verb.build.BuildVerb object at 0x7f2229b11150>>, mixin_verb=('build',))
[0.800s] Level 1:colcon.colcon_core.package_discovery:discover_packages(colcon_meta) check parameters
[0.800s] Level 1:colcon.colcon_core.package_discovery:discover_packages(recursive) check parameters
[0.800s] Level 1:colcon.colcon_core.package_discovery:discover_packages(ignore) check parameters
[0.800s] Level 1:colcon.colcon_core.package_discovery:discover_packages(path) check parameters
[0.801s] Level 1:colcon.colcon_core.package_discovery:discover_packages(colcon_meta) discover
[0.801s] Level 1:colcon.colcon_core.package_discovery:discover_packages(recursive) discover
[0.801s] INFO:colcon.colcon_core.package_discovery:Crawling recursively for packages in '/home/rohamzn/ouster_pcap_to_pointcloud2_publisher'
[0.801s] Level 1:colcon.colcon_core.package_identification:_identify(.) by extensions ['ignore', 'ignore_ament_install']
[0.801s] Level 1:colcon.colcon_core.package_identification:_identify(.) by extension 'ignore'
[0.801s] Level 1:colcon.colcon_core.package_identification:_identify(.) by extension 'ignore_ament_install'
[0.801s] Level 1:colcon.colcon_core.package_identification:_identify(.) by extensions ['colcon_pkg']
[0.801s] Level 1:colcon.colcon_core.package_identification:_identify(.) by extension 'colcon_pkg'
[0.801s] Level 1:colcon.colcon_core.package_identification:_identify(.) by extensions ['colcon_meta']
[0.801s] Level 1:colcon.colcon_core.package_identification:_identify(.) by extension 'colcon_meta'
[0.801s] Level 1:colcon.colcon_core.package_identification:_identify(.) by extensions ['ros']
[0.801s] Level 1:colcon.colcon_core.package_identification:_identify(.) by extension 'ros'
[0.808s] DEBUG:colcon.colcon_core.package_identification:Package '.' with type 'ros.ament_python' and name 'ouster_pcap_to_pointcloud2_publisher'
[0.808s] Level 1:colcon.colcon_core.package_discovery:discover_packages(recursive) using defaults
[0.808s] Level 1:colcon.colcon_core.package_discovery:discover_packages(ignore) discover
[0.808s] Level 1:colcon.colcon_core.package_discovery:discover_packages(ignore) using defaults
[0.808s] Level 1:colcon.colcon_core.package_discovery:discover_packages(path) discover
[0.808s] Level 1:colcon.colcon_core.package_discovery:discover_packages(path) using defaults
[0.862s] Level 1:colcon.colcon_core.package_discovery:discover_packages(prefix_path) check parameters
[0.862s] Level 1:colcon.colcon_core.package_discovery:discover_packages(prefix_path) discover
[0.882s] DEBUG:colcon.colcon_installed_package_information.package_discovery:Found 312 installed packages in /opt/ros/humble
[0.883s] Level 1:colcon.colcon_core.package_discovery:discover_packages(prefix_path) using defaults
[0.931s] Level 5:colcon.colcon_core.verb:set package 'ouster_pcap_to_pointcloud2_publisher' build argument 'cmake_args' from command line to 'None'
[0.931s] Level 5:colcon.colcon_core.verb:set package 'ouster_pcap_to_pointcloud2_publisher' build argument 'cmake_target' from command line to 'None'
[0.931s] Level 5:colcon.colcon_core.verb:set package 'ouster_pcap_to_pointcloud2_publisher' build argument 'cmake_target_skip_unavailable' from command line to 'False'
[0.931s] Level 5:colcon.colcon_core.verb:set package 'ouster_pcap_to_pointcloud2_publisher' build argument 'cmake_clean_cache' from command line to 'False'
[0.931s] Level 5:colcon.colcon_core.verb:set package 'ouster_pcap_to_pointcloud2_publisher' build argument 'cmake_clean_first' from command line to 'False'
[0.931s] Level 5:colcon.colcon_core.verb:set package 'ouster_pcap_to_pointcloud2_publisher' build argument 'cmake_force_configure' from command line to 'False'
[0.931s] Level 5:colcon.colcon_core.verb:set package 'ouster_pcap_to_pointcloud2_publisher' build argument 'ament_cmake_args' from command line to 'None'
[0.931s] Level 5:colcon.colcon_core.verb:set package 'ouster_pcap_to_pointcloud2_publisher' build argument 'catkin_cmake_args' from command line to 'None'
[0.931s] Level 5:colcon.colcon_core.verb:set package 'ouster_pcap_to_pointcloud2_publisher' build argument 'catkin_skip_building_tests' from command line to 'False'
[0.931s] DEBUG:colcon.colcon_core.verb:Building package 'ouster_pcap_to_pointcloud2_publisher' with the following arguments: {'ament_cmake_args': None, 'build_base': '/home/rohamzn/ouster_pcap_to_pointcloud2_publisher/build/ouster_pcap_to_pointcloud2_publisher', 'catkin_cmake_args': None, 'catkin_skip_building_tests': False, 'cmake_args': None, 'cmake_clean_cache': False, 'cmake_clean_first': False, 'cmake_force_configure': False, 'cmake_target': None, 'cmake_target_skip_unavailable': False, 'install_base': '/home/rohamzn/ouster_pcap_to_pointcloud2_publisher/install/ouster_pcap_to_pointcloud2_publisher', 'merge_install': False, 'path': '/home/rohamzn/ouster_pcap_to_pointcloud2_publisher', 'symlink_install': False, 'test_result_base': None}
[0.940s] INFO:colcon.colcon_core.executor:Executing jobs using 'parallel' executor
[0.949s] DEBUG:colcon.colcon_parallel_executor.executor.parallel:run_until_complete
[0.949s] INFO:colcon.colcon_ros.task.ament_python.build:Building ROS package in '/home/rohamzn/ouster_pcap_to_pointcloud2_publisher' with build type 'ament_python'
[0.949s] Level 1:colcon.colcon_core.shell:create_environment_hook('ouster_pcap_to_pointcloud2_publisher', 'ament_prefix_path')
[0.960s] INFO:colcon.colcon_core.plugin_system:Skipping extension 'colcon_core.shell.bat': Not used on non-Windows systems
[0.960s] INFO:colcon.colcon_core.shell:Creating environment hook '/home/rohamzn/ouster_pcap_to_pointcloud2_publisher/install/ouster_pcap_to_pointcloud2_publisher/share/ouster_pcap_to_pointcloud2_publisher/hook/ament_prefix_path.ps1'
[0.960s] INFO:colcon.colcon_core.shell:Creating environment descriptor '/home/rohamzn/ouster_pcap_to_pointcloud2_publisher/install/ouster_pcap_to_pointcloud2_publisher/share/ouster_pcap_to_pointcloud2_publisher/hook/ament_prefix_path.dsv'
[0.961s] INFO:colcon.colcon_core.shell:Creating environment hook '/home/rohamzn/ouster_pcap_to_pointcloud2_publisher/install/ouster_pcap_to_pointcloud2_publisher/share/ouster_pcap_to_pointcloud2_publisher/hook/ament_prefix_path.sh'
[0.970s] INFO:colcon.colcon_core.shell:Skip shell extension 'powershell' for command environment: Not usable outside of PowerShell
[0.970s] DEBUG:colcon.colcon_core.shell:Skip shell extension 'dsv' for command environment
[1.145s] INFO:colcon.colcon_core.task.python.build:Building Python package in '/home/rohamzn/ouster_pcap_to_pointcloud2_publisher'
[1.155s] INFO:colcon.colcon_core.shell:Skip shell extension 'powershell' for command environment: Not usable outside of PowerShell
[1.155s] DEBUG:colcon.colcon_core.shell:Skip shell extension 'dsv' for command environment
[1.464s] DEBUG:colcon.colcon_core.event_handler.log_command:Invoking command in '/home/rohamzn/ouster_pcap_to_pointcloud2_publisher': CONDA_PROMPT_MODIFIER=(base) PYTHONPATH=/home/rohamzn/ouster_pcap_to_pointcloud2_publisher/build/ouster_pcap_to_pointcloud2_publisher/prefix_override:/home/rohamzn/ouster_pcap_to_pointcloud2_publisher/install/ouster_pcap_to_pointcloud2_publisher/lib/python3.10/site-packages:${PYTHONPATH} /usr/bin/python3 setup.py egg_info --egg-base build/ouster_pcap_to_pointcloud2_publisher build --build-base /home/rohamzn/ouster_pcap_to_pointcloud2_publisher/build/ouster_pcap_to_pointcloud2_publisher/build install --record /home/rohamzn/ouster_pcap_to_pointcloud2_publisher/build/ouster_pcap_to_pointcloud2_publisher/install.log --single-version-externally-managed
[1.630s] DEBUG:colcon.colcon_core.event_handler.log_command:Invoked command in '/home/rohamzn/ouster_pcap_to_pointcloud2_publisher' returned '0': CONDA_PROMPT_MODIFIER=(base) PYTHONPATH=/home/rohamzn/ouster_pcap_to_pointcloud2_publisher/build/ouster_pcap_to_pointcloud2_publisher/prefix_override:/home/rohamzn/ouster_pcap_to_pointcloud2_publisher/install/ouster_pcap_to_pointcloud2_publisher/lib/python3.10/site-packages:${PYTHONPATH} /usr/bin/python3 setup.py egg_info --egg-base build/ouster_pcap_to_pointcloud2_publisher build --build-base /home/rohamzn/ouster_pcap_to_pointcloud2_publisher/build/ouster_pcap_to_pointcloud2_publisher/build install --record /home/rohamzn/ouster_pcap_to_pointcloud2_publisher/build/ouster_pcap_to_pointcloud2_publisher/install.log --single-version-externally-managed
[1.641s] Level 1:colcon.colcon_core.environment:checking '/home/rohamzn/ouster_pcap_to_pointcloud2_publisher/install/ouster_pcap_to_pointcloud2_publisher' for CMake module files
[1.642s] Level 1:colcon.colcon_core.environment:checking '/home/rohamzn/ouster_pcap_to_pointcloud2_publisher/install/ouster_pcap_to_pointcloud2_publisher' for CMake config files
[1.642s] Level 1:colcon.colcon_core.environment:checking '/home/rohamzn/ouster_pcap_to_pointcloud2_publisher/install/ouster_pcap_to_pointcloud2_publisher/lib'
[1.642s] Level 1:colcon.colcon_core.environment:checking '/home/rohamzn/ouster_pcap_to_pointcloud2_publisher/install/ouster_pcap_to_pointcloud2_publisher/bin'
[1.642s] Level 1:colcon.colcon_core.environment:checking '/home/rohamzn/ouster_pcap_to_pointcloud2_publisher/install/ouster_pcap_to_pointcloud2_publisher/lib/pkgconfig/ouster_pcap_to_pointcloud2_publisher.pc'
[1.642s] Level 1:colcon.colcon_core.environment:checking '/home/rohamzn/ouster_pcap_to_pointcloud2_publisher/install/ouster_pcap_to_pointcloud2_publisher/lib/python3.10/site-packages'
[1.642s] Level 1:colcon.colcon_core.shell:create_environment_hook('ouster_pcap_to_pointcloud2_publisher', 'pythonpath')
[1.651s] INFO:colcon.colcon_core.shell:Creating environment hook '/home/rohamzn/ouster_pcap_to_pointcloud2_publisher/install/ouster_pcap_to_pointcloud2_publisher/share/ouster_pcap_to_pointcloud2_publisher/hook/pythonpath.ps1'
[1.652s] INFO:colcon.colcon_core.shell:Creating environment descriptor '/home/rohamzn/ouster_pcap_to_pointcloud2_publisher/install/ouster_pcap_to_pointcloud2_publisher/share/ouster_pcap_to_pointcloud2_publisher/hook/pythonpath.dsv'
[1.652s] INFO:colcon.colcon_core.shell:Creating environment hook '/home/rohamzn/ouster_pcap_to_pointcloud2_publisher/install/ouster_pcap_to_pointcloud2_publisher/share/ouster_pcap_to_pointcloud2_publisher/hook/pythonpath.sh'
[1.652s] Level 1:colcon.colcon_core.environment:checking '/home/rohamzn/ouster_pcap_to_pointcloud2_publisher/install/ouster_pcap_to_pointcloud2_publisher/bin'
[1.652s] Level 1:colcon.colcon_core.environment:create_environment_scripts_only(ouster_pcap_to_pointcloud2_publisher)
[1.661s] INFO:colcon.colcon_core.shell:Creating package script '/home/rohamzn/ouster_pcap_to_pointcloud2_publisher/install/ouster_pcap_to_pointcloud2_publisher/share/ouster_pcap_to_pointcloud2_publisher/package.ps1'
[1.661s] INFO:colcon.colcon_core.shell:Creating package descriptor '/home/rohamzn/ouster_pcap_to_pointcloud2_publisher/install/ouster_pcap_to_pointcloud2_publisher/share/ouster_pcap_to_pointcloud2_publisher/package.dsv'
[1.662s] INFO:colcon.colcon_core.shell:Creating package script '/home/rohamzn/ouster_pcap_to_pointcloud2_publisher/install/ouster_pcap_to_pointcloud2_publisher/share/ouster_pcap_to_pointcloud2_publisher/package.sh'
[1.662s] INFO:colcon.colcon_core.shell:Creating package script '/home/rohamzn/ouster_pcap_to_pointcloud2_publisher/install/ouster_pcap_to_pointcloud2_publisher/share/ouster_pcap_to_pointcloud2_publisher/package.bash'
[1.663s] INFO:colcon.colcon_core.shell:Creating package script '/home/rohamzn/ouster_pcap_to_pointcloud2_publisher/install/ouster_pcap_to_pointcloud2_publisher/share/ouster_pcap_to_pointcloud2_publisher/package.zsh'
[1.663s] Level 1:colcon.colcon_core.environment:create_file_with_runtime_dependencies(/home/rohamzn/ouster_pcap_to_pointcloud2_publisher/install/ouster_pcap_to_pointcloud2_publisher/share/colcon-core/packages/ouster_pcap_to_pointcloud2_publisher)
[1.663s] DEBUG:colcon.colcon_parallel_executor.executor.parallel:closing loop
[1.663s] DEBUG:colcon.colcon_parallel_executor.executor.parallel:loop closed
[1.663s] DEBUG:colcon.colcon_parallel_executor.executor.parallel:run_until_complete finished with '0'
[1.663s] DEBUG:colcon.colcon_core.event_reactor:joining thread
[1.675s] INFO:colcon.colcon_core.plugin_system:Skipping extension 'colcon_notification.desktop_notification.terminal_notifier': Not used on non-Darwin systems
[1.675s] INFO:colcon.colcon_core.plugin_system:Skipping extension 'colcon_notification.desktop_notification.win32': Not used on non-Windows systems
[1.675s] INFO:colcon.colcon_notification.desktop_notification:Sending desktop notification using 'notify2'
[1.687s] DEBUG:colcon.colcon_core.event_reactor:joined thread
[1.696s] INFO:colcon.colcon_core.shell:Creating prefix script '/home/rohamzn/ouster_pcap_to_pointcloud2_publisher/install/local_setup.ps1'
[1.697s] INFO:colcon.colcon_core.shell:Creating prefix util module '/home/rohamzn/ouster_pcap_to_pointcloud2_publisher/install/_local_setup_util_ps1.py'
[1.697s] INFO:colcon.colcon_core.shell:Creating prefix chain script '/home/rohamzn/ouster_pcap_to_pointcloud2_publisher/install/setup.ps1'
[1.707s] INFO:colcon.colcon_core.shell:Creating prefix script '/home/rohamzn/ouster_pcap_to_pointcloud2_publisher/install/local_setup.sh'
[1.707s] INFO:colcon.colcon_core.shell:Creating prefix util module '/home/rohamzn/ouster_pcap_to_pointcloud2_publisher/install/_local_setup_util_sh.py'
[1.707s] INFO:colcon.colcon_core.shell:Creating prefix chain script '/home/rohamzn/ouster_pcap_to_pointcloud2_publisher/install/setup.sh'
[1.717s] INFO:colcon.colcon_core.shell:Creating prefix script '/home/rohamzn/ouster_pcap_to_pointcloud2_publisher/install/local_setup.bash'
[1.717s] INFO:colcon.colcon_core.shell:Creating prefix chain script '/home/rohamzn/ouster_pcap_to_pointcloud2_publisher/install/setup.bash'
[1.726s] INFO:colcon.colcon_core.shell:Creating prefix script '/home/rohamzn/ouster_pcap_to_pointcloud2_publisher/install/local_setup.zsh'
[1.727s] INFO:colcon.colcon_core.shell:Creating prefix chain script '/home/rohamzn/ouster_pcap_to_pointcloud2_publisher/install/setup.zsh'
